Connecting to database specified by database.yml
Connecting to database specified by database.yml
Connecting to database specified by database.yml
  [1m[36m (2.2ms)[0m  [1mCREATE TABLE "schema_migrations" ("version" character varying(255) NOT NULL) [0m
  [1m[35m (1.4ms)[0m  CREATE UNIQUE INDEX "unique_schema_migrations" ON "schema_migrations" ("version")
  [1m[36m (0.2ms)[0m  [1mSELECT "schema_migrations"."version" FROM "schema_migrations" [0m
Migrating to CreateItems (20131127020021)
  [1m[35m (0.1ms)[0m  BEGIN
  [1m[36m (3.4ms)[0m  [1mCREATE TABLE "items" ("id" serial primary key, "name" character varying(255), "price" decimal, "list_id" integer, "created_at" timestamp NOT NULL, "updated_at" timestamp NOT NULL) [0m
  [1m[35m (0.3ms)[0m  INSERT INTO "schema_migrations" ("version") VALUES ('20131127020021')
  [1m[36m (0.4ms)[0m  [1mCOMMIT[0m
Migrating to CreateLists (20131127020719)
  [1m[35m (0.1ms)[0m  BEGIN
  [1m[36m (2.5ms)[0m  [1mCREATE TABLE "lists" ("id" serial primary key, "name" character varying(255), "total" decimal, "created_at" timestamp NOT NULL, "updated_at" timestamp NOT NULL) [0m
  [1m[35m (0.2ms)[0m  INSERT INTO "schema_migrations" ("version") VALUES ('20131127020719')
  [1m[36m (0.5ms)[0m  [1mCOMMIT[0m
  [1m[35m (0.1ms)[0m  SELECT "schema_migrations"."version" FROM "schema_migrations" 
Connecting to database specified by database.yml
Connecting to database specified by database.yml
Connecting to database specified by database.yml
Connecting to database specified by database.yml


Started GET "/assets/rails.png" for 127.0.0.1 at 2013-11-26 20:26:29 -0600
Connecting to database specified by database.yml
Served asset /rails.png - 200 OK (4ms)
Connecting to database specified by database.yml


Started GET "/" for 127.0.0.1 at 2013-11-26 20:35:09 -0600
Processing by ListsController#index as HTML
  Rendered lists/index.html.erb within layouts/application (2.0ms)
Compiled lists.css  (14ms)  (pid 49342)
Compiled application.css  (20ms)  (pid 49342)
Compiled jquery.js  (1ms)  (pid 49342)
Compiled jquery_ujs.js  (0ms)  (pid 49342)
Compiled lists.js  (59ms)  (pid 49342)
Compiled application.js  (100ms)  (pid 49342)
Completed 200 OK in 190.8ms (Views: 190.4ms | ActiveRecord: 0.0ms)


Started GET "/assets/application.css?body=1" for 127.0.0.1 at 2013-11-26 20:35:09 -0600
Served asset /application.css - 200 OK (5ms)


Started GET "/assets/jquery.js?body=1" for 127.0.0.1 at 2013-11-26 20:35:09 -0600
Served asset /jquery.js - 200 OK (2ms)


Started GET "/assets/jquery_ujs.js?body=1" for 127.0.0.1 at 2013-11-26 20:35:09 -0600
Served asset /jquery_ujs.js - 200 OK (2ms)


Started GET "/assets/lists.js?body=1" for 127.0.0.1 at 2013-11-26 20:35:09 -0600
Served asset /lists.js - 200 OK (1ms)


Started GET "/assets/lists.css?body=1" for 127.0.0.1 at 2013-11-26 20:35:09 -0600
Served asset /lists.css - 200 OK (1ms)


Started GET "/lists.css.scss" for 127.0.0.1 at 2013-11-26 20:35:09 -0600

ActionController::RoutingError (No route matches [GET] "/lists.css.scss"):
  actionpack (3.2.15) lib/action_dispatch/middleware/debug_exceptions.rb:21:in `call'
  actionpack (3.2.15) lib/action_dispatch/middleware/show_exceptions.rb:56:in `call'
  railties (3.2.15) lib/rails/rack/logger.rb:32:in `call_app'
  railties (3.2.15) lib/rails/rack/logger.rb:16:in `block in call'
  activesupport (3.2.15) lib/active_support/tagged_logging.rb:22:in `tagged'
  railties (3.2.15) lib/rails/rack/logger.rb:16:in `call'
  actionpack (3.2.15) lib/action_dispatch/middleware/request_id.rb:22:in `call'
  rack (1.4.5) lib/rack/methodoverride.rb:21:in `call'
  rack (1.4.5) lib/rack/runtime.rb:17:in `call'
  activesupport (3.2.15) lib/active_support/cache/strategy/local_cache.rb:72:in `call'
  rack (1.4.5) lib/rack/lock.rb:15:in `call'
  actionpack (3.2.15) lib/action_dispatch/middleware/static.rb:63:in `call'
  railties (3.2.15) lib/rails/engine.rb:484:in `call'
  railties (3.2.15) lib/rails/application.rb:231:in `call'
  rack (1.4.5) lib/rack/content_length.rb:14:in `call'
  railties (3.2.15) lib/rails/rack/log_tailer.rb:17:in `call'
  rack (1.4.5) lib/rack/handler/webrick.rb:59:in `service'
  /Users/Claylyons/.rvm/rubies/ruby-1.9.3-p448/lib/ruby/1.9.1/webrick/httpserver.rb:138:in `service'
  /Users/Claylyons/.rvm/rubies/ruby-1.9.3-p448/lib/ruby/1.9.1/webrick/httpserver.rb:94:in `run'
  /Users/Claylyons/.rvm/rubies/ruby-1.9.3-p448/lib/ruby/1.9.1/webrick/server.rb:191:in `block in start_thread'


  Rendered /Users/Claylyons/.rvm/gems/ruby-1.9.3-p448/gems/actionpack-3.2.15/lib/action_dispatch/middleware/templates/rescues/routing_error.erb within rescues/layout (0.7ms)


Started GET "/assets/application.js?body=1" for 127.0.0.1 at 2013-11-26 20:35:09 -0600
Served asset /application.js - 200 OK (3ms)


Started GET "/application.js" for 127.0.0.1 at 2013-11-26 20:35:09 -0600

ActionController::RoutingError (No route matches [GET] "/application.js"):
  actionpack (3.2.15) lib/action_dispatch/middleware/debug_exceptions.rb:21:in `call'
  actionpack (3.2.15) lib/action_dispatch/middleware/show_exceptions.rb:56:in `call'
  railties (3.2.15) lib/rails/rack/logger.rb:32:in `call_app'
  railties (3.2.15) lib/rails/rack/logger.rb:16:in `block in call'
  activesupport (3.2.15) lib/active_support/tagged_logging.rb:22:in `tagged'
  railties (3.2.15) lib/rails/rack/logger.rb:16:in `call'
  actionpack (3.2.15) lib/action_dispatch/middleware/request_id.rb:22:in `call'
  rack (1.4.5) lib/rack/methodoverride.rb:21:in `call'
  rack (1.4.5) lib/rack/runtime.rb:17:in `call'
  activesupport (3.2.15) lib/active_support/cache/strategy/local_cache.rb:72:in `call'
  rack (1.4.5) lib/rack/lock.rb:15:in `call'
  actionpack (3.2.15) lib/action_dispatch/middleware/static.rb:63:in `call'
  railties (3.2.15) lib/rails/engine.rb:484:in `call'
  railties (3.2.15) lib/rails/application.rb:231:in `call'
  rack (1.4.5) lib/rack/content_length.rb:14:in `call'
  railties (3.2.15) lib/rails/rack/log_tailer.rb:17:in `call'
  rack (1.4.5) lib/rack/handler/webrick.rb:59:in `service'
  /Users/Claylyons/.rvm/rubies/ruby-1.9.3-p448/lib/ruby/1.9.1/webrick/httpserver.rb:138:in `service'
  /Users/Claylyons/.rvm/rubies/ruby-1.9.3-p448/lib/ruby/1.9.1/webrick/httpserver.rb:94:in `run'
  /Users/Claylyons/.rvm/rubies/ruby-1.9.3-p448/lib/ruby/1.9.1/webrick/server.rb:191:in `block in start_thread'


  Rendered /Users/Claylyons/.rvm/gems/ruby-1.9.3-p448/gems/actionpack-3.2.15/lib/action_dispatch/middleware/templates/rescues/routing_error.erb within rescues/layout (0.5ms)
Connecting to database specified by database.yml
Compiled jasmine_examples/Player.js  (0ms)  (pid 49674)
Compiled jasmine_examples/Song.js  (0ms)  (pid 49674)
Compiled application.js  (14ms)  (pid 49674)
Served asset /jquery_ujs.js - 200 OK (8ms)
Served asset /jasmine_examples/Player.js - 200 OK (2ms)
Served asset /jquery.js - 200 OK (20ms)
Served asset /jasmine_examples/Song.js - 200 OK (5ms)
Served asset /lists.js - 200 OK (5ms)
Served asset /application.js - 200 OK (23ms)
Connecting to database specified by database.yml
Served asset /jasmine_examples/Player.js - 200 OK (2ms)
Served asset /lists.js - 200 OK (1ms)
Served asset /jasmine_examples/Song.js - 200 OK (6ms)
Served asset /jquery_ujs.js - 200 OK (4ms)
Served asset /jquery.js - 200 OK (19ms)
Served asset /application.js - 200 OK (11ms)
Connecting to database specified by database.yml
Served asset /jquery_ujs.js - 200 OK (5ms)
Served asset /jasmine_examples/Player.js - 200 OK (1ms)
Served asset /lists.js - 200 OK (0ms)
Served asset /jasmine_examples/Song.js - 200 OK (6ms)
Served asset /jquery.js - 200 OK (25ms)
Served asset /application.js - 200 OK (16ms)
Served asset /jquery.js - 200 OK (0ms)
Served asset /jquery_ujs.js - 200 OK (0ms)
Served asset /jasmine_examples/Player.js - 200 OK (0ms)
Served asset /jasmine_examples/Song.js - 200 OK (0ms)
Served asset /lists.js - 200 OK (0ms)
Served asset /application.js - 200 OK (0ms)
Served asset /jquery_ujs.js - 200 OK (0ms)
Served asset /jquery.js - 200 OK (0ms)
Served asset /jasmine_examples/Player.js - 200 OK (0ms)
Served asset /jasmine_examples/Song.js - 200 OK (0ms)
Served asset /lists.js - 200 OK (0ms)
Served asset /application.js - 200 OK (0ms)
Served asset /jquery.js - 200 OK (0ms)
Served asset /jasmine_examples/Player.js - 200 OK (0ms)
Served asset /jquery_ujs.js - 200 OK (0ms)
Served asset /lists.js - 200 OK (0ms)
Served asset /application.js - 200 OK (0ms)
Served asset /jasmine_examples/Song.js - 200 OK (0ms)
Served asset /jquery.js - 200 OK (0ms)
Served asset /jquery_ujs.js - 200 OK (0ms)
Served asset /jasmine_examples/Song.js - 200 OK (0ms)
Served asset /jasmine_examples/Player.js - 200 OK (0ms)
Served asset /application.js - 200 OK (0ms)
Served asset /lists.js - 200 OK (0ms)
Served asset /jquery.js - 304 Not Modified (0ms)
Served asset /jquery_ujs.js - 304 Not Modified (0ms)
Served asset /jasmine_examples/Player.js - 304 Not Modified (0ms)
Served asset /lists.js - 304 Not Modified (0ms)
Served asset /jasmine_examples/Song.js - 304 Not Modified (0ms)
Served asset /application.js - 304 Not Modified (0ms)
Served asset /jquery.js - 304 Not Modified (0ms)
Served asset /jquery_ujs.js - 304 Not Modified (0ms)
Served asset /jasmine_examples/Player.js - 304 Not Modified (0ms)
Served asset /jasmine_examples/Song.js - 304 Not Modified (0ms)
Served asset /lists.js - 304 Not Modified (0ms)
Served asset /application.js - 304 Not Modified (0ms)
Served asset /jquery.js - 200 OK (0ms)
Served asset /jquery_ujs.js - 200 OK (0ms)
Served asset /jasmine_examples/Player.js - 200 OK (0ms)
Served asset /jasmine_examples/Song.js - 200 OK (0ms)
Served asset /application.js - 200 OK (0ms)
Served asset /lists.js - 200 OK (0ms)
Served asset /jquery_ujs.js - 304 Not Modified (0ms)
Served asset /jquery.js - 304 Not Modified (0ms)
Served asset /jasmine_examples/Player.js - 304 Not Modified (0ms)
Served asset /jasmine_examples/Song.js - 304 Not Modified (0ms)
Served asset /lists.js - 304 Not Modified (0ms)
Served asset /application.js - 304 Not Modified (0ms)
Served asset /jquery_ujs.js - 304 Not Modified (0ms)
Served asset /jquery.js - 304 Not Modified (0ms)
Served asset /jasmine_examples/Player.js - 304 Not Modified (0ms)
Served asset /jasmine_examples/Song.js - 304 Not Modified (0ms)
Served asset /lists.js - 304 Not Modified (0ms)
Served asset /application.js - 304 Not Modified (0ms)
Served asset /jquery_ujs.js - 200 OK (0ms)
Served asset /jquery.js - 200 OK (0ms)
Served asset /jasmine_examples/Player.js - 200 OK (0ms)
Served asset /jasmine_examples/Song.js - 200 OK (0ms)
Served asset /lists.js - 200 OK (0ms)
Served asset /application.js - 200 OK (0ms)
Served asset /jquery_ujs.js - 304 Not Modified (0ms)
Served asset /jquery.js - 304 Not Modified (0ms)
Served asset /jasmine_examples/Player.js - 304 Not Modified (0ms)
Served asset /jasmine_examples/Song.js - 304 Not Modified (0ms)
Served asset /lists.js - 304 Not Modified (0ms)
Served asset /application.js - 304 Not Modified (0ms)
Served asset /jquery.js - 200 OK (0ms)
Served asset /jquery_ujs.js - 200 OK (0ms)
Served asset /jasmine_examples/Song.js - 200 OK (0ms)
Served asset /lists.js - 200 OK (0ms)
Served asset /jasmine_examples/Player.js - 200 OK (0ms)
Served asset /application.js - 200 OK (0ms)
Served asset /jquery_ujs.js - 304 Not Modified (0ms)
Served asset /jquery.js - 304 Not Modified (0ms)
Served asset /jasmine_examples/Player.js - 304 Not Modified (0ms)
Served asset /jasmine_examples/Song.js - 304 Not Modified (0ms)
Served asset /application.js - 304 Not Modified (0ms)
Served asset /lists.js - 304 Not Modified (0ms)
Served asset /jquery.js - 200 OK (0ms)
Served asset /jquery_ujs.js - 200 OK (0ms)
Served asset /jasmine_examples/Player.js - 200 OK (0ms)
Served asset /lists.js - 200 OK (0ms)
Served asset /jasmine_examples/Song.js - 200 OK (0ms)
Served asset /application.js - 200 OK (0ms)
Served asset /jquery.js - 200 OK (0ms)
Served asset /jquery_ujs.js - 200 OK (0ms)
Served asset /jasmine_examples/Player.js - 200 OK (0ms)
Served asset /jasmine_examples/Song.js - 200 OK (0ms)
Served asset /application.js - 200 OK (0ms)
Served asset /lists.js - 200 OK (0ms)
